[03-Feb-2019 16:32:53 UTC] PHP Warning:  include(includes/header.php): failed to open stream: No such file or directory in /home/ubuntu/workspace/CMS_TEMPLATE/includes/search.php on line 1
[03-Feb-2019 16:32:53 UTC] PHP Stack trace:
[03-Feb-2019 16:32:53 UTC] PHP   1. {main}() /home/ubuntu/workspace/CMS_TEMPLATE/includes/search.php:0
[03-Feb-2019 16:32:53 UTC] PHP Warning:  include(): Failed opening 'includes/header.php' for inclusion (include_path='.:/usr/share/php:/usr/share/pear') in /home/ubuntu/workspace/CMS_TEMPLATE/includes/search.php on line 1
[03-Feb-2019 16:32:53 UTC] PHP Stack trace:
[03-Feb-2019 16:32:53 UTC] PHP   1. {main}() /home/ubuntu/workspace/CMS_TEMPLATE/includes/search.php:0
[03-Feb-2019 16:32:53 UTC] PHP Warning:  include(includes/db.php): failed to open stream: No such file or directory in /home/ubuntu/workspace/CMS_TEMPLATE/includes/search.php on line 2
[03-Feb-2019 16:32:53 UTC] PHP Stack trace:
[03-Feb-2019 16:32:53 UTC] PHP   1. {main}() /home/ubuntu/workspace/CMS_TEMPLATE/includes/search.php:0
[03-Feb-2019 16:32:53 UTC] PHP Warning:  include(): Failed opening 'includes/db.php' for inclusion (include_path='.:/usr/share/php:/usr/share/pear') in /home/ubuntu/workspace/CMS_TEMPLATE/includes/search.php on line 2
[03-Feb-2019 16:32:53 UTC] PHP Stack trace:
[03-Feb-2019 16:32:53 UTC] PHP   1. {main}() /home/ubuntu/workspace/CMS_TEMPLATE/includes/search.php:0
[03-Feb-2019 16:32:53 UTC] PHP Warning:  include(includes/navigation.php): failed to open stream: No such file or directory in /home/ubuntu/workspace/CMS_TEMPLATE/includes/search.php on line 5
[03-Feb-2019 16:32:53 UTC] PHP Stack trace:
[03-Feb-2019 16:32:53 UTC] PHP   1. {main}() /home/ubuntu/workspace/CMS_TEMPLATE/includes/search.php:0
[03-Feb-2019 16:32:53 UTC] PHP Warning:  include(): Failed opening 'includes/navigation.php' for inclusion (include_path='.:/usr/share/php:/usr/share/pear') in /home/ubuntu/workspace/CMS_TEMPLATE/includes/search.php on line 5
[03-Feb-2019 16:32:53 UTC] PHP Stack trace:
[03-Feb-2019 16:32:53 UTC] PHP   1. {main}() /home/ubuntu/workspace/CMS_TEMPLATE/includes/search.php:0
[03-Feb-2019 16:32:53 UTC] PHP Warning:  mysqli_query() expects parameter 1 to be mysqli, null given in /home/ubuntu/workspace/CMS_TEMPLATE/includes/search.php on line 38
[03-Feb-2019 16:32:53 UTC] PHP Stack trace:
[03-Feb-2019 16:32:53 UTC] PHP   1. {main}() /home/ubuntu/workspace/CMS_TEMPLATE/includes/search.php:0
[03-Feb-2019 16:32:53 UTC] PHP   2. mysqli_query() /home/ubuntu/workspace/CMS_TEMPLATE/includes/search.php:38
[03-Feb-2019 16:32:53 UTC] PHP Warning:  mysqli_fetch_assoc() expects parameter 1 to be mysqli_result, null given in /home/ubuntu/workspace/CMS_TEMPLATE/includes/search.php on line 40
[03-Feb-2019 16:32:53 UTC] PHP Stack trace:
[03-Feb-2019 16:32:53 UTC] PHP   1. {main}() /home/ubuntu/workspace/CMS_TEMPLATE/includes/search.php:0
[03-Feb-2019 16:32:53 UTC] PHP   2. mysqli_fetch_assoc() /home/ubuntu/workspace/CMS_TEMPLATE/includes/search.php:40
[03-Feb-2019 16:32:53 UTC] PHP Warning:  include(includes/sidebar.php): failed to open stream: No such file or directory in /home/ubuntu/workspace/CMS_TEMPLATE/includes/search.php on line 77
[03-Feb-2019 16:32:53 UTC] PHP Stack trace:
[03-Feb-2019 16:32:53 UTC] PHP   1. {main}() /home/ubuntu/workspace/CMS_TEMPLATE/includes/search.php:0
[03-Feb-2019 16:32:53 UTC] PHP Warning:  include(): Failed opening 'includes/sidebar.php' for inclusion (include_path='.:/usr/share/php:/usr/share/pear') in /home/ubuntu/workspace/CMS_TEMPLATE/includes/search.php on line 77
[03-Feb-2019 16:32:53 UTC] PHP Stack trace:
[03-Feb-2019 16:32:53 UTC] PHP   1. {main}() /home/ubuntu/workspace/CMS_TEMPLATE/includes/search.php:0
[03-Feb-2019 16:32:53 UTC] PHP Warning:  include(includes/footer.php): failed to open stream: No such file or directory in /home/ubuntu/workspace/CMS_TEMPLATE/includes/search.php on line 84
[03-Feb-2019 16:32:53 UTC] PHP Stack trace:
[03-Feb-2019 16:32:53 UTC] PHP   1. {main}() /home/ubuntu/workspace/CMS_TEMPLATE/includes/search.php:0
[03-Feb-2019 16:32:53 UTC] PHP Warning:  include(): Failed opening 'includes/footer.php' for inclusion (include_path='.:/usr/share/php:/usr/share/pear') in /home/ubuntu/workspace/CMS_TEMPLATE/includes/search.php on line 84
[03-Feb-2019 16:32:53 UTC] PHP Stack trace:
[03-Feb-2019 16:32:53 UTC] PHP   1. {main}() /home/ubuntu/workspace/CMS_TEMPLATE/includes/search.php:0
[09-Feb-2019 14:03:10 UTC] PHP Warning:  include(includes/admin_header.php): failed to open stream: No such file or directory in /home/ubuntu/workspace/CMS_TEMPLATE/admin/index.php on line 1
[09-Feb-2019 14:03:10 UTC] PHP Stack trace:
[09-Feb-2019 14:03:10 UTC] PHP   1. {main}() /home/ubuntu/workspace/CMS_TEMPLATE/admin/index.php:0
[09-Feb-2019 14:03:10 UTC] PHP Warning:  include(): Failed opening 'includes/admin_header.php' for inclusion (include_path='.:/usr/share/php:/usr/share/pear') in /home/ubuntu/workspace/CMS_TEMPLATE/admin/index.php on line 1
[09-Feb-2019 14:03:10 UTC] PHP Stack trace:
[09-Feb-2019 14:03:10 UTC] PHP   1. {main}() /home/ubuntu/workspace/CMS_TEMPLATE/admin/index.php:0
[09-Feb-2019 14:59:06 UTC] PHP Warning:  include(/CMS_TEMPLATE/includes/db.php): failed to open stream: No such file or directory in /home/ubuntu/workspace/CMS_TEMPLATE/admin/includes/admin_header.php on line 1
[09-Feb-2019 14:59:06 UTC] PHP Stack trace:
[09-Feb-2019 14:59:06 UTC] PHP   1. {main}() /home/ubuntu/workspace/CMS_TEMPLATE/admin/index.php:0
[09-Feb-2019 14:59:06 UTC] PHP   2. include() /home/ubuntu/workspace/CMS_TEMPLATE/admin/index.php:1
[09-Feb-2019 14:59:06 UTC] PHP Warning:  include(): Failed opening '/CMS_TEMPLATE/includes/db.php' for inclusion (include_path='.:/usr/share/php:/usr/share/pear') in /home/ubuntu/workspace/CMS_TEMPLATE/admin/includes/admin_header.php on line 1
[09-Feb-2019 14:59:06 UTC] PHP Stack trace:
[09-Feb-2019 14:59:06 UTC] PHP   1. {main}() /home/ubuntu/workspace/CMS_TEMPLATE/admin/index.php:0
[09-Feb-2019 14:59:06 UTC] PHP   2. include() /home/ubuntu/workspace/CMS_TEMPLATE/admin/index.php:1
[09-Feb-2019 15:18:38 UTC] PHP Parse error:  syntax error, unexpected end of file in /home/ubuntu/workspace/CMS_TEMPLATE/admin/admin_categories.php on line 98
[09-Feb-2019 15:19:00 UTC] PHP Parse error:  syntax error, unexpected end of file in /home/ubuntu/workspace/CMS_TEMPLATE/admin/admin_categories.php on line 98
[09-Feb-2019 15:19:49 UTC] PHP Parse error:  syntax error, unexpected end of file in /home/ubuntu/workspace/CMS_TEMPLATE/admin/admin_categories.php on line 98
[09-Feb-2019 15:19:59 UTC] PHP Parse error:  syntax error, unexpected end of file in /home/ubuntu/workspace/CMS_TEMPLATE/admin/admin_categories.php on line 98
[09-Feb-2019 15:21:58 UTC] PHP Parse error:  syntax error, unexpected end of file in /home/ubuntu/workspace/CMS_TEMPLATE/admin/admin_categories.php on line 100
[09-Feb-2019 16:39:40 UTC] PHP Parse error:  syntax error, unexpected 'echo' (T_ECHO), expecting ',' or ';' in /home/ubuntu/workspace/CMS_TEMPLATE/admin/admin_categories.php on line 92
[09-Feb-2019 17:27:05 UTC] PHP Warning:  mysqli_fetch_assoc() expects parameter 1 to be mysqli_result, boolean given in /home/ubuntu/workspace/CMS_TEMPLATE/admin/admin_categories.php on line 59
[09-Feb-2019 17:27:05 UTC] PHP Stack trace:
[09-Feb-2019 17:27:05 UTC] PHP   1. {main}() /home/ubuntu/workspace/CMS_TEMPLATE/admin/admin_categories.php:0
[09-Feb-2019 17:27:05 UTC] PHP   2. mysqli_fetch_assoc() /home/ubuntu/workspace/CMS_TEMPLATE/admin/admin_categories.php:59
[09-Feb-2019 17:53:05 UTC] PHP Warning:  mysqli_query() expects parameter 1 to be mysqli, null given in /home/ubuntu/workspace/CMS_TEMPLATE/admin/functions.php on line 13
[09-Feb-2019 17:53:05 UTC] PHP Stack trace:
[09-Feb-2019 17:53:05 UTC] PHP   1. {main}() /home/ubuntu/workspace/CMS_TEMPLATE/admin/admin_categories.php:0
[09-Feb-2019 17:53:05 UTC] PHP   2. insert_Categories() /home/ubuntu/workspace/CMS_TEMPLATE/admin/admin_categories.php:23
[09-Feb-2019 17:53:05 UTC] PHP   3. mysqli_query() /home/ubuntu/workspace/CMS_TEMPLATE/admin/functions.php:13
[09-Feb-2019 17:53:05 UTC] PHP Warning:  mysqli_error() expects parameter 1 to be mysqli, null given in /home/ubuntu/workspace/CMS_TEMPLATE/admin/functions.php on line 16
[09-Feb-2019 17:53:05 UTC] PHP Stack trace:
[09-Feb-2019 17:53:05 UTC] PHP   1. {main}() /home/ubuntu/workspace/CMS_TEMPLATE/admin/admin_categories.php:0
[09-Feb-2019 17:53:05 UTC] PHP   2. insert_Categories() /home/ubuntu/workspace/CMS_TEMPLATE/admin/admin_categories.php:23
[09-Feb-2019 17:53:05 UTC] PHP   3. mysqli_error() /home/ubuntu/workspace/CMS_TEMPLATE/admin/functions.php:16
[11-Feb-2019 07:07:43 UTC] PHP Warning:  mysqli_fetch_assoc() expects parameter 1 to be mysqli_result, boolean given in /home/ubuntu/workspace/CMS_TEMPLATE/admin/includes/edit_post.php on line 8
[11-Feb-2019 07:07:43 UTC] PHP Stack trace:
[11-Feb-2019 07:07:43 UTC] PHP   1. {main}() /home/ubuntu/workspace/CMS_TEMPLATE/admin/posts.php:0
[11-Feb-2019 07:07:43 UTC] PHP   2. include() /home/ubuntu/workspace/CMS_TEMPLATE/admin/posts.php:32
[11-Feb-2019 07:07:43 UTC] PHP   3. mysqli_fetch_assoc() /home/ubuntu/workspace/CMS_TEMPLATE/admin/includes/edit_post.php:8
[11-Feb-2019 07:09:49 UTC] PHP Warning:  mysqli_fetch_assoc() expects parameter 1 to be mysqli_result, boolean given in /home/ubuntu/workspace/CMS_TEMPLATE/admin/includes/edit_post.php on line 8
[11-Feb-2019 07:09:49 UTC] PHP Stack trace:
[11-Feb-2019 07:09:49 UTC] PHP   1. {main}() /home/ubuntu/workspace/CMS_TEMPLATE/admin/posts.php:0
[11-Feb-2019 07:09:49 UTC] PHP   2. include() /home/ubuntu/workspace/CMS_TEMPLATE/admin/posts.php:32
[11-Feb-2019 07:09:49 UTC] PHP   3. mysqli_fetch_assoc() /home/ubuntu/workspace/CMS_TEMPLATE/admin/includes/edit_post.php:8
[11-Feb-2019 07:12:51 UTC] PHP Warning:  mysqli_fetch_assoc() expects parameter 1 to be mysqli_result, boolean given in /home/ubuntu/workspace/CMS_TEMPLATE/admin/includes/admin_edit_category.php on line 11
[11-Feb-2019 07:12:51 UTC] PHP Stack trace:
[11-Feb-2019 07:12:51 UTC] PHP   1. {main}() /home/ubuntu/workspace/CMS_TEMPLATE/admin/admin_categories.php:0
[11-Feb-2019 07:12:51 UTC] PHP   2. include() /home/ubuntu/workspace/CMS_TEMPLATE/admin/admin_categories.php:37
[11-Feb-2019 07:12:51 UTC] PHP   3. mysqli_fetch_assoc() /home/ubuntu/workspace/CMS_TEMPLATE/admin/includes/admin_edit_category.php:11
[11-Feb-2019 07:14:12 UTC] PHP Warning:  mysqli_fetch_assoc() expects parameter 1 to be mysqli_result, boolean given in /home/ubuntu/workspace/CMS_TEMPLATE/admin/includes/edit_post.php on line 8
[11-Feb-2019 07:14:12 UTC] PHP Stack trace:
[11-Feb-2019 07:14:12 UTC] PHP   1. {main}() /home/ubuntu/workspace/CMS_TEMPLATE/admin/posts.php:0
[11-Feb-2019 07:14:12 UTC] PHP   2. include() /home/ubuntu/workspace/CMS_TEMPLATE/admin/posts.php:32
[11-Feb-2019 07:14:12 UTC] PHP   3. mysqli_fetch_assoc() /home/ubuntu/workspace/CMS_TEMPLATE/admin/includes/edit_post.php:8
[11-Feb-2019 07:18:26 UTC] PHP Warning:  mysqli_fetch_assoc() expects parameter 1 to be mysqli_result, boolean given in /home/ubuntu/workspace/CMS_TEMPLATE/admin/includes/edit_post.php on line 8
[11-Feb-2019 07:18:26 UTC] PHP Stack trace:
[11-Feb-2019 07:18:26 UTC] PHP   1. {main}() /home/ubuntu/workspace/CMS_TEMPLATE/admin/posts.php:0
[11-Feb-2019 07:18:26 UTC] PHP   2. include() /home/ubuntu/workspace/CMS_TEMPLATE/admin/posts.php:32
[11-Feb-2019 07:18:26 UTC] PHP   3. mysqli_fetch_assoc() /home/ubuntu/workspace/CMS_TEMPLATE/admin/includes/edit_post.php:8
[11-Feb-2019 07:18:49 UTC] PHP Warning:  mysqli_fetch_assoc() expects parameter 1 to be mysqli_result, boolean given in /home/ubuntu/workspace/CMS_TEMPLATE/admin/includes/edit_post.php on line 8
[11-Feb-2019 07:18:49 UTC] PHP Stack trace:
[11-Feb-2019 07:18:49 UTC] PHP   1. {main}() /home/ubuntu/workspace/CMS_TEMPLATE/admin/posts.php:0
[11-Feb-2019 07:18:49 UTC] PHP   2. include() /home/ubuntu/workspace/CMS_TEMPLATE/admin/posts.php:32
[11-Feb-2019 07:18:49 UTC] PHP   3. mysqli_fetch_assoc() /home/ubuntu/workspace/CMS_TEMPLATE/admin/includes/edit_post.php:8
